<?xml version="1.0" encoding="UTF-8"?>
<!-- Generated by org.testng.reporters.JUnitReportReporter -->
<testsuite skipped="0" hostname="DESKTOP-C9OMQNM" name="com.prestashop.tests.NegativeScenarios" tests="1" failures="0" timestamp="20 Jun 2018 21:04:41 GMT" time="7.761" errors="0">
  <testcase name="wrongCredentials" time="7.761" classname="com.prestashop.tests.NegativeScenarios"/>
</testsuite> <!-- com.prestashop.tests.NegativeScenarios -->
