<?xml version="1.0" encoding="UTF-8"?>
<!-- Generated by org.testng.reporters.JUnitReportReporter -->
<testsuite skipped="0" hostname="DESKTOP-C9OMQNM" name="com.prestashop.tests.PositiveScenarios" tests="1" failures="0" timestamp="20 Jun 2018 22:26:12 GMT" time="10.022" errors="0">
  <testcase name="loginClick" time="10.022" classname="com.prestashop.tests.PositiveScenarios"/>
</testsuite> <!-- com.prestashop.tests.PositiveScenarios -->
