<?xml version="1.0" encoding="UTF-8"?>
<!-- Generated by org.testng.reporters.JUnitReportReporter -->
<testsuite skipped="0" hostname="DESKTOP-C9OMQNM" name="com.prestashop.tests.PositiveScenarios" tests="1" failures="0" timestamp="22 Jun 2018 13:36:03 GMT" time="22.162" errors="0">
  <testcase name="loginClick" time="22.162" classname="com.prestashop.tests.PositiveScenarios"/>
</testsuite> <!-- com.prestashop.tests.PositiveScenarios -->
